game/build-f01-isolated/outputs/logs/manifest-merger-debug-report.txt
-- Merging decision tree log ---
manifest
ADDED from src\main\AndroidManifest.xml:1:1-13:12
MERGED from src\main\AndroidManifest.xml:1:1-13:12
INJECTED from src\debug\AndroidManifest.xml:1:1-8:12
	package
		INJECTED from src\debug\AndroidManifest.xml
	xmlns:dist
		ADDED from src\main\AndroidManifest.xml:2:5-61
		ADDED from src\main\AndroidManifest.xml:2:5-61
	xmlns:android
		ADDED from src\main\AndroidManifest.xml:1:11-69
uses-permission#${applicationId}.permission.TRACKER
ADDED from src\main\AndroidManifest.xml:4:5-75
	android:name
		ADDED from src\main\AndroidManifest.xml:4:22-72
dist:module
ADDED from src\main\AndroidManifest.xml:6:5-11:19
	dist:title
		ADDED from src\main\AndroidManifest.xml:6:18-56
dist:delivery
ADDED from src\main\AndroidManifest.xml:7:9-9:25
dist:install-time
ADDED from src\main\AndroidManifest.xml:8:13-34
dist:fusing
ADDED from src\main\AndroidManifest.xml:10:9-45
	dist:include
		ADDED from src\main\AndroidManifest.xml:10:22-42
application
ADDED from src\debug\AndroidManifest.xml:2:5-7:19
activity#com.adsamcik.tracker.game.ui.compose.HostTestActivity
ADDED from src\debug\AndroidManifest.xml:3:9-6:48
	android:label
		ADDED from src\debug\AndroidManifest.xml:6:13-45
	android:exported
		ADDED from src\debug\AndroidManifest.xml:5:13-37
	android:name
		ADDED from src\debug\AndroidManifest.xml:4:13-81
uses-sdk
INJECTED from src\debug\AndroidManifest.xml reason: use-sdk injection requested
INJECTED from src\debug\AndroidManifest.xml
INJECTED from src\debug\AndroidManifest.xml
	android:targetSdkVersion
		INJECTED from src\debug\AndroidManifest.xml
	android:minSdkVersion
		INJECTED from src\debug\AndroidManifest.xml